{
  "stats": {
    "suites": 1,
    "tests": 2,
    "passes": 2,
    "pending": 0,
    "failures": 0,
    "start": "2025-11-10T21:12:57.733Z",
    "end": "2025-11-10T21:13:01.025Z",
    "duration": 3292,
    "testsRegistered": 2,
    "passPercent": 100,
    "pendingPercent": 0,
    "other": 0,
    "hasOther": false,
    "skipped": 0,
    "hasSkipped": false
  },
  "results": [
    {
      "uuid": "95d4faf2-0d67-41a9-bf46-efdd00cf05f6",
      "title": "",
      "fullFile": "e2e-tests\\login.spec.js",
      "file": "e2e-tests\\login.spec.js",
      "beforeHooks": [],
      "afterHooks": [],
      "tests": [],
      "suites": [
        {
          "uuid": "94b409c2-2e51-4df4-a098-f70118ff5647",
          "title": "Login SauceDemo",
          "fullFile": "",
          "file": "",
          "beforeHooks": [],
          "afterHooks": [],
          "tests": [
            {
              "title": "Login válido",
              "fullTitle": "Login SauceDemo Login válido",
              "timedOut": null,
              "duration": 1232,
              "state": "passed",
              "speed": "fast",
              "pass": true,
              "fail": false,
              "pending": false,
              "context": null,
              "code": "cy.visit(url);\ncy.get('#user-name').type('standard_user');\ncy.get('#password').type('secret_sauce');\ncy.get('#login-button').click();\n// Validación adicional: URL correcta\ncy.url().should('include', '/inventory.html');\n// Validación adicional: título visible\ncy.contains('Products').should('be.visible');\n// Validación adicional: productos cargados\ncy.get('.inventory_item').should('have.length.greaterThan', 0);",
              "err": {},
              "uuid": "9a6a68e9-cadd-498d-aa7a-9d3416b3a59c",
              "parentUUID": "94b409c2-2e51-4df4-a098-f70118ff5647",
              "isHook": false,
              "skipped": false
            },
            {
              "title": "Login inválido",
              "fullTitle": "Login SauceDemo Login inválido",
              "timedOut": null,
              "duration": 883,
              "state": "passed",
              "speed": "fast",
              "pass": true,
              "fail": false,
              "pending": false,
              "context": null,
              "code": "cy.visit(url);\ncy.get('#user-name').type('invalid_user');\ncy.get('#password').type('wrong_password');\ncy.get('#login-button').click();\n// Validación adicional: mensaje de error\ncy.get('[data-test=\"error\"]').should('be.visible');\ncy.get('[data-test=\"error\"]').should('contain.text', 'Epic sadface');",
              "err": {},
              "uuid": "b3a41808-4f51-4894-bf89-08c6a5e280a7",
              "parentUUID": "94b409c2-2e51-4df4-a098-f70118ff5647",
              "isHook": false,
              "skipped": false
            }
          ],
          "suites": [],
          "passes": [
            "9a6a68e9-cadd-498d-aa7a-9d3416b3a59c",
            "b3a41808-4f51-4894-bf89-08c6a5e280a7"
          ],
          "failures": [],
          "pending": [],
          "skipped": [],
          "duration": 2115,
          "root": false,
          "rootEmpty": false,
          "_timeout": 2000
        }
      ],
      "passes": [],
      "failures": [],
      "pending": [],
      "skipped": [],
      "duration": 0,
      "root": true,
      "rootEmpty": true,
      "_timeout": 2000
    }
  ],
  "meta": {
    "mocha": {
      "version": "7.2.0"
    },
    "mochawesome": {
      "options": {
        "quiet": false,
        "reportFilename": "mochawesome",
        "saveHtml": true,
        "saveJson": true,
        "consoleReporter": "spec",
        "useInlineDiffs": false,
        "code": true
      },
      "version": "7.1.4"
    },
    "marge": {
      "options": {
        "reportDir": "reports",
        "overwrite": false,
        "html": true,
        "json": true
      },
      "version": "6.3.2"
    }
  }
}