{
  "stats": {
    "suites": 1,
    "tests": 1,
    "passes": 1,
    "pending": 0,
    "failures": 0,
    "start": "2025-11-10T21:12:47.293Z",
    "end": "2025-11-10T21:12:51.309Z",
    "duration": 4016,
    "testsRegistered": 1,
    "passPercent": 100,
    "pendingPercent": 0,
    "other": 0,
    "hasOther": false,
    "skipped": 0,
    "hasSkipped": false
  },
  "results": [
    {
      "uuid": "5c859d1c-f27b-478f-8ed0-cef2c7115ff7",
      "title": "",
      "fullFile": "e2e-tests\\cart.spec.js",
      "file": "e2e-tests\\cart.spec.js",
      "beforeHooks": [],
      "afterHooks": [],
      "tests": [],
      "suites": [
        {
          "uuid": "3fff4e33-3307-4705-a5c0-8c87d690a32f",
          "title": "Carrito SauceDemo",
          "fullFile": "",
          "file": "",
          "beforeHooks": [],
          "afterHooks": [],
          "tests": [
            {
              "title": "Agregar producto al carrito",
              "fullTitle": "Carrito SauceDemo Agregar producto al carrito",
              "timedOut": null,
              "duration": 2286,
              "state": "passed",
              "speed": "fast",
              "pass": true,
              "fail": false,
              "pending": false,
              "context": null,
              "code": "cy.get('.inventory_item').first().contains('Add to cart').click();\ncy.get('.shopping_cart_badge').should('contain', '1');",
              "err": {},
              "uuid": "297acbcc-b6fc-4be4-8fcf-a828a0a6f7cd",
              "parentUUID": "3fff4e33-3307-4705-a5c0-8c87d690a32f",
              "isHook": false,
              "skipped": false
            }
          ],
          "suites": [],
          "passes": [
            "297acbcc-b6fc-4be4-8fcf-a828a0a6f7cd"
          ],
          "failures": [],
          "pending": [],
          "skipped": [],
          "duration": 2286,
          "root": false,
          "rootEmpty": false,
          "_timeout": 2000
        }
      ],
      "passes": [],
      "failures": [],
      "pending": [],
      "skipped": [],
      "duration": 0,
      "root": true,
      "rootEmpty": true,
      "_timeout": 2000
    }
  ],
  "meta": {
    "mocha": {
      "version": "7.2.0"
    },
    "mochawesome": {
      "options": {
        "quiet": false,
        "reportFilename": "mochawesome",
        "saveHtml": true,
        "saveJson": true,
        "consoleReporter": "spec",
        "useInlineDiffs": false,
        "code": true
      },
      "version": "7.1.4"
    },
    "marge": {
      "options": {
        "reportDir": "reports",
        "overwrite": false,
        "html": true,
        "json": true
      },
      "version": "6.3.2"
    }
  }
}