{
  "stats": {
    "suites": 1,
    "tests": 1,
    "passes": 1,
    "pending": 0,
    "failures": 0,
    "start": "2025-11-10T21:12:52.819Z",
    "end": "2025-11-10T21:12:56.289Z",
    "duration": 3470,
    "testsRegistered": 1,
    "passPercent": 100,
    "pendingPercent": 0,
    "other": 0,
    "hasOther": false,
    "skipped": 0,
    "hasSkipped": false
  },
  "results": [
    {
      "uuid": "962f6941-0265-435a-8828-5f4b2fbc36b0",
      "title": "",
      "fullFile": "e2e-tests\\checkout.spec.js",
      "file": "e2e-tests\\checkout.spec.js",
      "beforeHooks": [],
      "afterHooks": [],
      "tests": [],
      "suites": [
        {
          "uuid": "8bce3bbe-61e8-4d55-a613-556c4a9d8693",
          "title": "Checkout SauceDemo",
          "fullFile": "",
          "file": "",
          "beforeHooks": [],
          "afterHooks": [],
          "tests": [
            {
              "title": "Completar compra",
              "fullTitle": "Checkout SauceDemo Completar compra",
              "timedOut": null,
              "duration": 2283,
              "state": "passed",
              "speed": "fast",
              "pass": true,
              "fail": false,
              "pending": false,
              "context": null,
              "code": "cy.get('#first-name').type('Madelin');\ncy.get('#last-name').type('QA');\ncy.get('#postal-code').type('15000');\ncy.get('#continue').click();\ncy.get('#finish').click();\ncy.contains('Thank you for your order!').should('be.visible');",
              "err": {},
              "uuid": "6d082086-029c-4b23-8f27-e2df38624b72",
              "parentUUID": "8bce3bbe-61e8-4d55-a613-556c4a9d8693",
              "isHook": false,
              "skipped": false
            }
          ],
          "suites": [],
          "passes": [
            "6d082086-029c-4b23-8f27-e2df38624b72"
          ],
          "failures": [],
          "pending": [],
          "skipped": [],
          "duration": 2283,
          "root": false,
          "rootEmpty": false,
          "_timeout": 2000
        }
      ],
      "passes": [],
      "failures": [],
      "pending": [],
      "skipped": [],
      "duration": 0,
      "root": true,
      "rootEmpty": true,
      "_timeout": 2000
    }
  ],
  "meta": {
    "mocha": {
      "version": "7.2.0"
    },
    "mochawesome": {
      "options": {
        "quiet": false,
        "reportFilename": "mochawesome",
        "saveHtml": true,
        "saveJson": true,
        "consoleReporter": "spec",
        "useInlineDiffs": false,
        "code": true
      },
      "version": "7.1.4"
    },
    "marge": {
      "options": {
        "reportDir": "reports",
        "overwrite": false,
        "html": true,
        "json": true
      },
      "version": "6.3.2"
    }
  }
}